<?xml version="1.0" encoding="UTF-8"?>
<testsuites tests="108" failures="0" disabled="0" errors="0" time="0.005" timestamp="2024-10-07T14:53:24.131" name="AllTests">
  <testsuite name="vector_test" tests="108" failures="0" disabled="0" skipped="0" errors="0" time="0.005" timestamp="2024-10-07T14:53:24.131">
    <testcase name="NewlyCreatedVectorIsEmpty" file="/home/support/paraiceoryx/iceoryx/iceoryx_hoofs/test/moduletests/test_container_vector.cpp" line="49" status="run" result="completed" time="0." timestamp="2024-10-07T14:53:24.131" classname="vector_test">
      <properties>
        <property name="TEST_ID" value="8ebb8b11-d044-459e-b9a1-4a3076c8d49c"/>
      </properties>
    </testcase>
    <testcase name="NewlyCreatedVectorHasSizeZero" file="/home/support/paraiceoryx/iceoryx/iceoryx_hoofs/test/moduletests/test_container_vector.cpp" line="55" status="run" result="completed" time="0." timestamp="2024-10-07T14:53:24.132" classname="vector_test">
      <properties>
        <property name="TEST_ID" value="f850b288-df04-43b8-b317-bec76c6c4924"/>
      </properties>
    </testcase>
    <testcase name="Capacity" file="/home/support/paraiceoryx/iceoryx/iceoryx_hoofs/test/moduletests/test_container_vector.cpp" line="61" status="run" result="completed" time="0." timestamp="2024-10-07T14:53:24.132" classname="vector_test">
      <properties>
        <property name="TEST_ID" value="e0a244d5-6e01-4cbb-9f9a-ac07cad81a5c"/>
      </properties>
    </testcase>
    <testcase name="NewVectorWithElementsCTorWithZeroElements" file="/home/support/paraiceoryx/iceoryx/iceoryx_hoofs/test/moduletests/test_container_vector.cpp" line="67" status="run" result="completed" time="0." timestamp="2024-10-07T14:53:24.132" classname="vector_test">
      <properties>
        <property name="TEST_ID" value="618cd7f7-42d7-49e0-a504-3894e34a28f8"/>
      </properties>
    </testcase>
    <testcase name="NewVectorWithElementsCTorWithSomeElements" file="/home/support/paraiceoryx/iceoryx/iceoryx_hoofs/test/moduletests/test_container_vector.cpp" line="76" status="run" result="completed" time="0." timestamp="2024-10-07T14:53:24.132" classname="vector_test">
      <properties>
        <property name="TEST_ID" value="65fd89f4-167e-4844-8264-484d2a57c035"/>
      </properties>
    </testcase>
    <testcase name="NewVectorWithElementsCTorWithCapacityElements" file="/home/support/paraiceoryx/iceoryx/iceoryx_hoofs/test/moduletests/test_container_vector.cpp" line="90" status="run" result="completed" time="0." timestamp="2024-10-07T14:53:24.132" classname="vector_test">
      <properties>
        <property name="TEST_ID" value="9987c1cb-2266-4bad-b91d-0b171dd87f40"/>
      </properties>
    </testcase>
    <testcase name="NewVectorWithElementsCTorWithMoreThanCapacityElements" file="/home/support/paraiceoryx/iceoryx/iceoryx_hoofs/test/moduletests/test_container_vector.cpp" line="103" status="run" result="completed" time="0." timestamp="2024-10-07T14:53:24.132" classname="vector_test">
      <properties>
        <property name="TEST_ID" value="a22a3329-d4c1-4ecf-a94f-69a990a35658"/>
      </properties>
    </testcase>
    <testcase name="EmplaceBackSuccessfulWhenSpaceAvailable" file="/home/support/paraiceoryx/iceoryx/iceoryx_hoofs/test/moduletests/test_container_vector.cpp" line="117" status="run" result="completed" time="0." timestamp="2024-10-07T14:53:24.132" classname="vector_test">
      <properties>
        <property name="TEST_ID" value="98d17e04-0d2b-4575-a1f0-7b3cd918c54d"/>
      </properties>
    </testcase>
    <testcase name="EmplaceBackFailsWhenSpaceNotAvailable" file="/home/support/paraiceoryx/iceoryx/iceoryx_hoofs/test/moduletests/test_container_vector.cpp" line="123" status="run" result="completed" time="0." timestamp="2024-10-07T14:53:24.132" classname="vector_test">
      <properties>
        <property name="TEST_ID" value="199e6fc7-5bc4-4896-b211-e04fc668ccd0"/>
      </properties>
    </testcase>
    <testcase name="PushBackSuccessfulWhenSpaceAvailableLValue" file="/home/support/paraiceoryx/iceoryx/iceoryx_hoofs/test/moduletests/test_container_vector.cpp" line="133" status="run" result="completed" time="0." timestamp="2024-10-07T14:53:24.132" classname="vector_test">
      <properties>
        <property name="TEST_ID" value="42102325-91fa-45aa-a5cb-2bce785d11c1"/>
      </properties>
    </testcase>
    <testcase name="PushBackFailsWhenSpaceNotAvailableLValue" file="/home/support/paraiceoryx/iceoryx/iceoryx_hoofs/test/moduletests/test_container_vector.cpp" line="142" status="run" result="completed" time="0." timestamp="2024-10-07T14:53:24.132" classname="vector_test">
      <properties>
        <property name="TEST_ID" value="e47a9f1b-a039-4740-a4b5-ba81886c1330"/>
      </properties>
    </testcase>
    <testcase name="PushBackSuccessfulWhenSpaceAvailableRValue" file="/home/support/paraiceoryx/iceoryx/iceoryx_hoofs/test/moduletests/test_container_vector.cpp" line="153" status="run" result="completed" time="0." timestamp="2024-10-07T14:53:24.132" classname="vector_test">
      <properties>
        <property name="TEST_ID" value="47988e05-9c67-4b34-bdee-994552df3fa7"/>
      </properties>
    </testcase>
    <testcase name="PushBackFailsWhenSpaceNotAvailableRValue" file="/home/support/paraiceoryx/iceoryx/iceoryx_hoofs/test/moduletests/test_container_vector.cpp" line="161" status="run" result="completed" time="0." timestamp="2024-10-07T14:53:24.132" classname="vector_test">
      <properties>
        <property name="TEST_ID" value="07790d09-110d-4cc7-84d9-3ff28e494c8f"/>
      </properties>
    </testcase>
    <testcase name="PopBackOnEmptyVector" file="/home/support/paraiceoryx/iceoryx/iceoryx_hoofs/test/moduletests/test_container_vector.cpp" line="171" status="run" result="completed" time="0." timestamp="2024-10-07T14:53:24.132" classname="vector_test">
      <properties>
        <property name="TEST_ID" value="03ac7f78-680d-49b1-b7e1-7551006b1545"/>
      </properties>
    </testcase>
    <testcase name="PopBackNonEmptyVector" file="/home/support/paraiceoryx/iceoryx/iceoryx_hoofs/test/moduletests/test_container_vector.cpp" line="178" status="run" result="completed" time="0." timestamp="2024-10-07T14:53:24.132" classname="vector_test">
      <properties>
        <property name="TEST_ID" value="ef4ecaa7-d467-4c8a-9ab4-4444b87727d0"/>
      </properties>
    </testcase>
    <testcase name="SizeIncreasesWhenElementIsAdded" file="/home/support/paraiceoryx/iceoryx/iceoryx_hoofs/test/moduletests/test_container_vector.cpp" line="190" status="run" result="completed" time="0." timestamp="2024-10-07T14:53:24.132" classname="vector_test">
      <properties>
        <property name="TEST_ID" value="2f1814ce-dfc8-4dbe-a7c7-ab004e28a7a2"/>
      </properties>
    </testcase>
    <testcase name="SizeEqualsCapacityWheFull" file="/home/support/paraiceoryx/iceoryx/iceoryx_hoofs/test/moduletests/test_container_vector.cpp" line="197" status="run" result="completed" time="0." timestamp="2024-10-07T14:53:24.132" classname="vector_test">
      <properties>
        <property name="TEST_ID" value="733985c2-ef1d-4772-9c01-4e26e841581d"/>
      </properties>
    </testcase>
    <testcase name="SizeUnchangedWhenEmplaceFails" file="/home/support/paraiceoryx/iceoryx/iceoryx_hoofs/test/moduletests/test_container_vector.cpp" line="207" status="run" result="completed" time="0." timestamp="2024-10-07T14:53:24.132" classname="vector_test">
      <properties>
        <property name="TEST_ID" value="6ae42f49-ef4d-4b9c-9360-a6e63a8b9357"/>
      </properties>
    </testcase>
    <testcase name="NotEmptyWhenElementWasAdded" file="/home/support/paraiceoryx/iceoryx/iceoryx_hoofs/test/moduletests/test_container_vector.cpp" line="218" status="run" result="completed" time="0." timestamp="2024-10-07T14:53:24.132" classname="vector_test">
      <properties>
        <property name="TEST_ID" value="651703b8-0828-471e-9333-547dc1b00295"/>
      </properties>
    </testcase>
    <testcase name="EmptyAfterClear" file="/home/support/paraiceoryx/iceoryx/iceoryx_hoofs/test/moduletests/test_container_vector.cpp" line="225" status="run" result="completed" time="0." timestamp="2024-10-07T14:53:24.132" classname="vector_test">
      <properties>
        <property name="TEST_ID" value="f08cd8f7-2eca-4ef2-b2c3-d642529ecd60"/>
      </properties>
    </testcase>
    <testcase name="SizeZeroAfterClear" file="/home/support/paraiceoryx/iceoryx/iceoryx_hoofs/test/moduletests/test_container_vector.cpp" line="233" status="run" result="completed" time="0." timestamp="2024-10-07T14:53:24.132" classname="vector_test">
      <properties>
        <property name="TEST_ID" value="7fb46858-5e85-488c-8c10-40c44d412c61"/>
      </properties>
    </testcase>
    <testcase name="CopyConstructor" file="/home/support/paraiceoryx/iceoryx/iceoryx_hoofs/test/moduletests/test_container_vector.cpp" line="241" status="run" result="completed" time="0." timestamp="2024-10-07T14:53:24.132" classname="vector_test">
      <properties>
        <property name="TEST_ID" value="afc46f10-e2fe-4c62-beb3-75c28d18d0f9"/>
      </properties>
    </testcase>
    <testcase name="CopyConstructorWithEmptyVector" file="/home/support/paraiceoryx/iceoryx/iceoryx_hoofs/test/moduletests/test_container_vector.cpp" line="256" status="run" result="completed" time="0." timestamp="2024-10-07T14:53:24.132" classname="vector_test">
      <properties>
        <property name="TEST_ID" value="438c8835-8545-40e4-b544-d66107507e2f"/>
      </properties>
    </testcase>
    <testcase name="CopyConstructorWithFullVector" file="/home/support/paraiceoryx/iceoryx/iceoryx_hoofs/test/moduletests/test_container_vector.cpp" line="268" status="run" result="completed" time="0." timestamp="2024-10-07T14:53:24.132" classname="vector_test">
      <properties>
        <property name="TEST_ID" value="b7420f78-f3ca-4a85-8382-fffe49d94bc2"/>
      </properties>
    </testcase>
    <testcase name="MoveConstructor" file="/home/support/paraiceoryx/iceoryx/iceoryx_hoofs/test/moduletests/test_container_vector.cpp" line="288" status="run" result="completed" time="0." timestamp="2024-10-07T14:53:24.132" classname="vector_test">
      <properties>
        <property name="TEST_ID" value="c96fdf10-822b-4872-b3d2-d3745a2ccb52"/>
      </properties>
    </testcase>
    <testcase name="MoveConstructorWithEmptyVector" file="/home/support/paraiceoryx/iceoryx/iceoryx_hoofs/test/moduletests/test_container_vector.cpp" line="304" status="run" result="completed" time="0." timestamp="2024-10-07T14:53:24.132" classname="vector_test">
      <properties>
        <property name="TEST_ID" value="1d89b1e1-f62f-49c4-bf04-9aba3dbbecab"/>
      </properties>
    </testcase>
    <testcase name="MoveConstructorWithFullVector" file="/home/support/paraiceoryx/iceoryx/iceoryx_hoofs/test/moduletests/test_container_vector.cpp" line="316" status="run" result="completed" time="0." timestamp="2024-10-07T14:53:24.132" classname="vector_test">
      <properties>
        <property name="TEST_ID" value="7c873c0f-3d88-4edb-95b4-f40b82c03ade"/>
      </properties>
    </testcase>
    <testcase name="DestructorWithEmptyVector" file="/home/support/paraiceoryx/iceoryx/iceoryx_hoofs/test/moduletests/test_container_vector.cpp" line="337" status="run" result="completed" time="0." timestamp="2024-10-07T14:53:24.132" classname="vector_test">
      <properties>
        <property name="TEST_ID" value="7fa2231d-ca50-4ce9-8588-0de0a8511573"/>
      </properties>
    </testcase>
    <testcase name="DestructorSomeElements" file="/home/support/paraiceoryx/iceoryx/iceoryx_hoofs/test/moduletests/test_container_vector.cpp" line="346" status="run" result="completed" time="0." timestamp="2024-10-07T14:53:24.132" classname="vector_test">
      <properties>
        <property name="TEST_ID" value="ccbc94af-9cfa-49a6-8d69-426794ac6e83"/>
      </properties>
    </testcase>
    <testcase name="DestructorWithFullVector" file="/home/support/paraiceoryx/iceoryx/iceoryx_hoofs/test/moduletests/test_container_vector.cpp" line="358" status="run" result="completed" time="0." timestamp="2024-10-07T14:53:24.132" classname="vector_test">
      <properties>
        <property name="TEST_ID" value="c439128d-de50-4af0-bb56-b219d0326afd"/>
      </properties>
    </testcase>
    <testcase name="EmplacingElementInTheMiddleCallsDTor" file="/home/support/paraiceoryx/iceoryx/iceoryx_hoofs/test/moduletests/test_container_vector.cpp" line="373" status="run" result="completed" time="0." timestamp="2024-10-07T14:53:24.132" classname="vector_test">
      <properties>
        <property name="TEST_ID" value="09a217bb-690e-4120-8e06-198e9056e26e"/>
      </properties>
    </testcase>
    <testcase name="CopyAssignmentWithEmptySource" file="/home/support/paraiceoryx/iceoryx/iceoryx_hoofs/test/moduletests/test_container_vector.cpp" line="399" status="run" result="completed" time="0." timestamp="2024-10-07T14:53:24.132" classname="vector_test">
      <properties>
        <property name="TEST_ID" value="3f64706d-b370-41b4-91e1-3e319cd6c14a"/>
      </properties>
    </testcase>
    <testcase name="CopyAssignmentWithEmptyDestination" file="/home/support/paraiceoryx/iceoryx/iceoryx_hoofs/test/moduletests/test_container_vector.cpp" line="417" status="run" result="completed" time="0." timestamp="2024-10-07T14:53:24.132" classname="vector_test">
      <properties>
        <property name="TEST_ID" value="c3bb0ad8-c099-438c-afc4-d41a22dc4e2f"/>
      </properties>
    </testcase>
    <testcase name="CopyAssignmentWithLargerDestination" file="/home/support/paraiceoryx/iceoryx/iceoryx_hoofs/test/moduletests/test_container_vector.cpp" line="439" status="run" result="completed" time="0." timestamp="2024-10-07T14:53:24.132" classname="vector_test">
      <properties>
        <property name="TEST_ID" value="39353120-5606-43b6-8909-a6751a801331"/>
      </properties>
    </testcase>
    <testcase name="CopyAssignmentWithLargerSource" file="/home/support/paraiceoryx/iceoryx/iceoryx_hoofs/test/moduletests/test_container_vector.cpp" line="462" status="run" result="completed" time="0." timestamp="2024-10-07T14:53:24.132" classname="vector_test">
      <properties>
        <property name="TEST_ID" value="956303d2-0853-410f-8d44-347a2c5258fe"/>
      </properties>
    </testcase>
    <testcase name="ReverseDestructionOrderInCopyAssignment" file="/home/support/paraiceoryx/iceoryx/iceoryx_hoofs/test/moduletests/test_container_vector.cpp" line="487" status="run" result="completed" time="0." timestamp="2024-10-07T14:53:24.132" classname="vector_test">
      <properties>
        <property name="TEST_ID" value="00ba138d-a805-4261-ac54-5eeea605e50c"/>
      </properties>
    </testcase>
    <testcase name="ReverseDestructionOrderInMoveAssignment" file="/home/support/paraiceoryx/iceoryx/iceoryx_hoofs/test/moduletests/test_container_vector.cpp" line="507" status="run" result="completed" time="0." timestamp="2024-10-07T14:53:24.132" classname="vector_test">
      <properties>
        <property name="TEST_ID" value="7a523770-7eab-4405-a9c1-a1b451534eb0"/>
      </properties>
    </testcase>
    <testcase name="MoveAssignmentWithEmptySource" file="/home/support/paraiceoryx/iceoryx/iceoryx_hoofs/test/moduletests/test_container_vector.cpp" line="527" status="run" result="completed" time="0." timestamp="2024-10-07T14:53:24.132" classname="vector_test">
      <properties>
        <property name="TEST_ID" value="dc8c2211-e8f6-4a49-a1bb-8344894c017b"/>
      </properties>
    </testcase>
    <testcase name="MoveAssignmentWithEmptyDestination" file="/home/support/paraiceoryx/iceoryx/iceoryx_hoofs/test/moduletests/test_container_vector.cpp" line="545" status="run" result="completed" time="0." timestamp="2024-10-07T14:53:24.132" classname="vector_test">
      <properties>
        <property name="TEST_ID" value="4e9b8dba-4ad3-4281-af5b-e9bb73b8b246"/>
      </properties>
    </testcase>
    <testcase name="MoveAssignmentWithLargerDestination" file="/home/support/paraiceoryx/iceoryx/iceoryx_hoofs/test/moduletests/test_container_vector.cpp" line="566" status="run" result="completed" time="0." timestamp="2024-10-07T14:53:24.132" classname="vector_test">
      <properties>
        <property name="TEST_ID" value="f41e5f13-19bc-4876-a1d0-32c57f06902f"/>
      </properties>
    </testcase>
    <testcase name="MoveAssignmentWithLargerSource" file="/home/support/paraiceoryx/iceoryx/iceoryx_hoofs/test/moduletests/test_container_vector.cpp" line="589" status="run" result="completed" time="0." timestamp="2024-10-07T14:53:24.132" classname="vector_test">
      <properties>
        <property name="TEST_ID" value="b840951e-9d80-49d4-9c8f-3a21b4136ba8"/>
      </properties>
    </testcase>
    <testcase name="BeginEndIteratorAreTheSameWhenEmpty" file="/home/support/paraiceoryx/iceoryx/iceoryx_hoofs/test/moduletests/test_container_vector.cpp" line="614" status="run" result="completed" time="0." timestamp="2024-10-07T14:53:24.132" classname="vector_test">
      <properties>
        <property name="TEST_ID" value="0a9a9760-5f68-436a-8331-ed9956d95b10"/>
      </properties>
    </testcase>
    <testcase name="BeginEndConstIteratorAreTheSameWhenEmpty" file="/home/support/paraiceoryx/iceoryx/iceoryx_hoofs/test/moduletests/test_container_vector.cpp" line="620" status="run" result="completed" time="0." timestamp="2024-10-07T14:53:24.132" classname="vector_test">
      <properties>
        <property name="TEST_ID" value="51a9a205-dfff-4abe-b68e-1254d46865f0"/>
      </properties>
    </testcase>
    <testcase name="BeginIteratorComesBeforeEndIteratorWhenNotEmpty" file="/home/support/paraiceoryx/iceoryx/iceoryx_hoofs/test/moduletests/test_container_vector.cpp" line="629" status="run" result="completed" time="0." timestamp="2024-10-07T14:53:24.132" classname="vector_test">
      <properties>
        <property name="TEST_ID" value="26ab3394-ec0e-4f12-bcac-73d7918bcdbb"/>
      </properties>
    </testcase>
    <testcase name="BeginConstIteratorComesBeforeEndConstIteratorWhenNotEmpty" file="/home/support/paraiceoryx/iceoryx/iceoryx_hoofs/test/moduletests/test_container_vector.cpp" line="636" status="run" result="completed" time="0." timestamp="2024-10-07T14:53:24.132" classname="vector_test">
      <properties>
        <property name="TEST_ID" value="c1a101ff-c840-45d2-acf8-f2de2fd504c7"/>
      </properties>
    </testcase>
    <testcase name="BeginIteratorComesBeforeEndIteratorWhenFull" file="/home/support/paraiceoryx/iceoryx/iceoryx_hoofs/test/moduletests/test_container_vector.cpp" line="646" status="run" result="completed" time="0." timestamp="2024-10-07T14:53:24.132" classname="vector_test">
      <properties>
        <property name="TEST_ID" value="f20cda46-0941-440e-87cb-a0a111719182"/>
      </properties>
    </testcase>
    <testcase name="BeginConstIteratorComesBeforeEndConstIteratorWhenFull" file="/home/support/paraiceoryx/iceoryx/iceoryx_hoofs/test/moduletests/test_container_vector.cpp" line="656" status="run" result="completed" time="0." timestamp="2024-10-07T14:53:24.132" classname="vector_test">
      <properties>
        <property name="TEST_ID" value="9912c12f-25a4-47f3-a3a6-714c543dd882"/>
      </properties>
    </testcase>
    <testcase name="IteratorIteratesThroughNonEmptyVector" file="/home/support/paraiceoryx/iceoryx/iceoryx_hoofs/test/moduletests/test_container_vector.cpp" line="669" status="run" result="completed" time="0." timestamp="2024-10-07T14:53:24.132" classname="vector_test">
      <properties>
        <property name="TEST_ID" value="caf1508b-4ea5-4a0d-bba4-b7c0810e236d"/>
      </properties>
    </testcase>
    <testcase name="ConstIteratorIteratesThroughNonEmptyVector" file="/home/support/paraiceoryx/iceoryx/iceoryx_hoofs/test/moduletests/test_container_vector.cpp" line="687" status="run" result="completed" time="0." timestamp="2024-10-07T14:53:24.132" classname="vector_test">
      <properties>
        <property name="TEST_ID" value="959fcdac-ca00-4765-a247-947f6fc9e00f"/>
      </properties>
    </testcase>
    <testcase name="IteratorIteratesThroughFullVector" file="/home/support/paraiceoryx/iceoryx/iceoryx_hoofs/test/moduletests/test_container_vector.cpp" line="707" status="run" result="completed" time="0." timestamp="2024-10-07T14:53:24.132" classname="vector_test">
      <properties>
        <property name="TEST_ID" value="147f78a9-0e60-43aa-ac72-c7a012904f5b"/>
      </properties>
    </testcase>
    <testcase name="ConstIteratorIteratesThroughFullVector" file="/home/support/paraiceoryx/iceoryx/iceoryx_hoofs/test/moduletests/test_container_vector.cpp" line="724" status="run" result="completed" time="0." timestamp="2024-10-07T14:53:24.132" classname="vector_test">
      <properties>
        <property name="TEST_ID" value="0d8063b0-1a38-4130-a6cb-3e2a7f3c4304"/>
      </properties>
    </testcase>
    <testcase name="IterateUsingData" file="/home/support/paraiceoryx/iceoryx/iceoryx_hoofs/test/moduletests/test_container_vector.cpp" line="743" status="run" result="completed" time="0." timestamp="2024-10-07T14:53:24.132" classname="vector_test">
      <properties>
        <property name="TEST_ID" value="73d9a41f-3248-45a7-948e-2853c0ff8d3a"/>
      </properties>
    </testcase>
    <testcase name="IterateUsingConstData" file="/home/support/paraiceoryx/iceoryx/iceoryx_hoofs/test/moduletests/test_container_vector.cpp" line="758" status="run" result="completed" time="0." timestamp="2024-10-07T14:53:24.132" classname="vector_test">
      <properties>
        <property name="TEST_ID" value="98feb75a-ba95-4598-a29a-8ac36840be3c"/>
      </properties>
    </testcase>
    <testcase name="IterateUsingAt" file="/home/support/paraiceoryx/iceoryx/iceoryx_hoofs/test/moduletests/test_container_vector.cpp" line="773" status="run" result="completed" time="0." timestamp="2024-10-07T14:53:24.132" classname="vector_test">
      <properties>
        <property name="TEST_ID" value="3d51b868-af12-47eb-bb0a-63ba87c8674a"/>
      </properties>
    </testcase>
    <testcase name="IterateUsingConstAt" file="/home/support/paraiceoryx/iceoryx/iceoryx_hoofs/test/moduletests/test_container_vector.cpp" line="786" status="run" result="completed" time="0." timestamp="2024-10-07T14:53:24.132" classname="vector_test">
      <properties>
        <property name="TEST_ID" value="65d76c52-0b7a-4b84-b5e3-eed51a887a6f"/>
      </properties>
    </testcase>
    <testcase name="IterateUsingSquareBracket" file="/home/support/paraiceoryx/iceoryx/iceoryx_hoofs/test/moduletests/test_container_vector.cpp" line="801" status="run" result="completed" time="0." timestamp="2024-10-07T14:53:24.132" classname="vector_test">
      <properties>
        <property name="TEST_ID" value="91eac70e-8555-4a37-bcd6-a0e4a41aff00"/>
      </properties>
    </testcase>
    <testcase name="IterateUsingConstSquareBracket" file="/home/support/paraiceoryx/iceoryx/iceoryx_hoofs/test/moduletests/test_container_vector.cpp" line="814" status="run" result="completed" time="0." timestamp="2024-10-07T14:53:24.132" classname="vector_test">
      <properties>
        <property name="TEST_ID" value="b1aa30bb-9aec-4419-8746-bba9b81d6049"/>
      </properties>
    </testcase>
    <testcase name="EraseFailsWhenElementIsInvalid" file="/home/support/paraiceoryx/iceoryx/iceoryx_hoofs/test/moduletests/test_container_vector.cpp" line="829" status="run" result="completed" time="0." timestamp="2024-10-07T14:53:24.132" classname="vector_test">
      <properties>
        <property name="TEST_ID" value="ff7c1c4a-4ef5-4905-a107-6f1d27462d47"/>
      </properties>
    </testcase>
    <testcase name="ErasingElementDecreasesSize" file="/home/support/paraiceoryx/iceoryx/iceoryx_hoofs/test/moduletests/test_container_vector.cpp" line="838" status="run" result="completed" time="0." timestamp="2024-10-07T14:53:24.132" classname="vector_test">
      <properties>
        <property name="TEST_ID" value="713074f9-0ad1-446e-a2a1-0707dcc112ca"/>
      </properties>
    </testcase>
    <testcase name="EraseOfLastElementCallsDTorOnly" file="/home/support/paraiceoryx/iceoryx/iceoryx_hoofs/test/moduletests/test_container_vector.cpp" line="849" status="run" result="completed" time="0." timestamp="2024-10-07T14:53:24.133" classname="vector_test">
      <properties>
        <property name="TEST_ID" value="7af6f518-d95b-4643-87db-ec248be2cf8e"/>
      </properties>
    </testcase>
    <testcase name="EraseOfMiddleElementCallsDTorAndMove" file="/home/support/paraiceoryx/iceoryx/iceoryx_hoofs/test/moduletests/test_container_vector.cpp" line="863" status="run" result="completed" time="0." timestamp="2024-10-07T14:53:24.133" classname="vector_test">
      <properties>
        <property name="TEST_ID" value="caa4f0fb-3ddd-4273-9bec-66ef05a4c42b"/>
      </properties>
    </testcase>
    <testcase name="AccessOfNonExistingElementOnEmptyVectorLeadTermination" file="/home/support/paraiceoryx/iceoryx/iceoryx_hoofs/test/moduletests/test_container_vector.cpp" line="879" status="run" result="completed" time="0." timestamp="2024-10-07T14:53:24.133" classname="vector_test">
      <properties>
        <property name="TEST_ID" value="31a4f0fb-31dd-4119-baba-31efab42c42b"/>
      </properties>
    </testcase>
    <testcase name="AccessOfNonExistingElementOnPartiallyFilledVectorLeadTermination" file="/home/support/paraiceoryx/iceoryx/iceoryx_hoofs/test/moduletests/test_container_vector.cpp" line="889" status="run" result="completed" time="0." timestamp="2024-10-07T14:53:24.133" classname="vector_test">
      <properties>
        <property name="TEST_ID" value="13a1f2fb-01dd-3265-9bec-31ef0542c42b"/>
      </properties>
    </testcase>
    <testcase name="AccessOfNonExistingElementOnFullVectorLeadTermination" file="/home/support/paraiceoryx/iceoryx/iceoryx_hoofs/test/moduletests/test_container_vector.cpp" line="903" status="run" result="completed" time="0." timestamp="2024-10-07T14:53:24.134" classname="vector_test">
      <properties>
        <property name="TEST_ID" value="42a4f0fb-71ad-1269-9b1c-71efca72c42b"/>
      </properties>
    </testcase>
    <testcase name="OutOfBoundsAccessOnEmptyVectorLeadsToTermination" file="/home/support/paraiceoryx/iceoryx/iceoryx_hoofs/test/moduletests/test_container_vector.cpp" line="919" status="run" result="completed" time="0." timestamp="2024-10-07T14:53:24.135" classname="vector_test">
      <properties>
        <property name="TEST_ID" value="13d4f0fb-baba-1273-9b1c-acab15a4212b"/>
      </properties>
    </testcase>
    <testcase name="OutOfBoundsAccessOnPartiallyFilledVectorLeadsToTermination" file="/home/support/paraiceoryx/iceoryx/iceoryx_hoofs/test/moduletests/test_container_vector.cpp" line="929" status="run" result="completed" time="0." timestamp="2024-10-07T14:53:24.135" classname="vector_test">
      <properties>
        <property name="TEST_ID" value="59a4f0fb-ad31-c273-9b41-69153564242b"/>
      </properties>
    </testcase>
    <testcase name="OutOfBoundsAccessOnFullVectorLeadsToTermination" file="/home/support/paraiceoryx/iceoryx/iceoryx_hoofs/test/moduletests/test_container_vector.cpp" line="943" status="run" result="completed" time="0." timestamp="2024-10-07T14:53:24.136" classname="vector_test">
      <properties>
        <property name="TEST_ID" value="09a4fafa-3d31-3113-5bec-62ef01a4212b"/>
      </properties>
    </testcase>
    <testcase name="EraseOfFrontElementCallsDTorAndMove" file="/home/support/paraiceoryx/iceoryx/iceoryx_hoofs/test/moduletests/test_container_vector.cpp" line="957" status="run" result="completed" time="0." timestamp="2024-10-07T14:53:24.136" classname="vector_test">
      <properties>
        <property name="TEST_ID" value="a5ce9c6f-0bc0-474b-9cff-5f9d317b4f95"/>
      </properties>
    </testcase>
    <testcase name="EraseMiddleElementDataCorrectAfterwards" file="/home/support/paraiceoryx/iceoryx/iceoryx_hoofs/test/moduletests/test_container_vector.cpp" line="973" status="run" result="completed" time="0." timestamp="2024-10-07T14:53:24.136" classname="vector_test">
      <properties>
        <property name="TEST_ID" value="37448e1f-c069-4507-baa6-b66c0d47d4fc"/>
      </properties>
    </testcase>
    <testcase name="EraseFrontElementDataCorrectAfterwards" file="/home/support/paraiceoryx/iceoryx/iceoryx_hoofs/test/moduletests/test_container_vector.cpp" line="989" status="run" result="completed" time="0." timestamp="2024-10-07T14:53:24.136" classname="vector_test">
      <properties>
        <property name="TEST_ID" value="5dea546e-16b6-4c48-b86a-ea86f334e7a7"/>
      </properties>
    </testcase>
    <testcase name="EraseLastElementDataCorrectAfterwards" file="/home/support/paraiceoryx/iceoryx/iceoryx_hoofs/test/moduletests/test_container_vector.cpp" line="1005" status="run" result="completed" time="0." timestamp="2024-10-07T14:53:24.136" classname="vector_test">
      <properties>
        <property name="TEST_ID" value="f4c0a74a-de14-44e0-ac40-8875bd3c71d7"/>
      </properties>
    </testcase>
    <testcase name="EraseLastElementOfFullVectorDataCorrectAfterwards" file="/home/support/paraiceoryx/iceoryx/iceoryx_hoofs/test/moduletests/test_container_vector.cpp" line="1023" status="run" result="completed" time="0." timestamp="2024-10-07T14:53:24.136" classname="vector_test">
      <properties>
        <property name="TEST_ID" value="fa4041c7-0fe4-43a9-8722-b1c6077b69d7"/>
      </properties>
    </testcase>
    <testcase name="FrontPointsToFirstElement" file="/home/support/paraiceoryx/iceoryx/iceoryx_hoofs/test/moduletests/test_container_vector.cpp" line="1039" status="run" result="completed" time="0." timestamp="2024-10-07T14:53:24.136" classname="vector_test">
      <properties>
        <property name="TEST_ID" value="0f6283a1-16dd-41fb-892d-bb0b66805c1d"/>
      </properties>
    </testcase>
    <testcase name="BackPointsToLastElement" file="/home/support/paraiceoryx/iceoryx/iceoryx_hoofs/test/moduletests/test_container_vector.cpp" line="1048" status="run" result="completed" time="0." timestamp="2024-10-07T14:53:24.136" classname="vector_test">
      <properties>
        <property name="TEST_ID" value="83cf678d-1e9e-4eb0-ac14-accb56b81d1b"/>
      </properties>
    </testcase>
    <testcase name="ConstFrontPointsToFirstElement" file="/home/support/paraiceoryx/iceoryx/iceoryx_hoofs/test/moduletests/test_container_vector.cpp" line="1057" status="run" result="completed" time="0." timestamp="2024-10-07T14:53:24.136" classname="vector_test">
      <properties>
        <property name="TEST_ID" value="34be7cb5-c9a8-42e7-b954-f37442e7ab54"/>
      </properties>
    </testcase>
    <testcase name="ConstBackPointsToLastElement" file="/home/support/paraiceoryx/iceoryx/iceoryx_hoofs/test/moduletests/test_container_vector.cpp" line="1069" status="run" result="completed" time="0." timestamp="2024-10-07T14:53:24.136" classname="vector_test">
      <properties>
        <property name="TEST_ID" value="46be9689-0f94-42d2-94dc-36d1b768db24"/>
      </properties>
    </testcase>
    <testcase name="ConstructorWithSizeParameterSmallerThanCapacity" file="/home/support/paraiceoryx/iceoryx/iceoryx_hoofs/test/moduletests/test_container_vector.cpp" line="1081" status="run" result="completed" time="0." timestamp="2024-10-07T14:53:24.136" classname="vector_test">
      <properties>
        <property name="TEST_ID" value="b55f3818-ded5-420a-ad9a-88d5e90b429e"/>
      </properties>
    </testcase>
    <testcase name="ConstructorWithSizeParameterGreaterThanCapacity" file="/home/support/paraiceoryx/iceoryx/iceoryx_hoofs/test/moduletests/test_container_vector.cpp" line="1089" status="run" result="completed" time="0." timestamp="2024-10-07T14:53:24.136" classname="vector_test">
      <properties>
        <property name="TEST_ID" value="57d86dd4-ba23-4911-a451-bbc78d3f899a"/>
      </properties>
    </testcase>
    <testcase name="TwoEmptyVectorOfSameCapacityAreEqual" file="/home/support/paraiceoryx/iceoryx/iceoryx_hoofs/test/moduletests/test_container_vector.cpp" line="1097" status="run" result="completed" time="0." timestamp="2024-10-07T14:53:24.136" classname="vector_test">
      <properties>
        <property name="TEST_ID" value="80020e56-7cc1-4fbc-9e4f-aecac5fb6110"/>
      </properties>
    </testcase>
    <testcase name="TwoEmptyVectorOfDifferentCapacityAreEqual" file="/home/support/paraiceoryx/iceoryx/iceoryx_hoofs/test/moduletests/test_container_vector.cpp" line="1107" status="run" result="completed" time="0." timestamp="2024-10-07T14:53:24.136" classname="vector_test">
      <properties>
        <property name="TEST_ID" value="45c18d99-4c2b-4e3f-9ac0-e3277bb5946a"/>
      </properties>
    </testcase>
    <testcase name="TwoEqualVectorsWithSameCapacityAreEqual" file="/home/support/paraiceoryx/iceoryx/iceoryx_hoofs/test/moduletests/test_container_vector.cpp" line="1117" status="run" result="completed" time="0." timestamp="2024-10-07T14:53:24.136" classname="vector_test">
      <properties>
        <property name="TEST_ID" value="15d18e5b-afd5-4d81-82c1-146c7d11760f"/>
      </properties>
    </testcase>
    <testcase name="TwoEqualVectorsWithDifferentCapacityAreEqual" file="/home/support/paraiceoryx/iceoryx/iceoryx_hoofs/test/moduletests/test_container_vector.cpp" line="1134" status="run" result="completed" time="0." timestamp="2024-10-07T14:53:24.136" classname="vector_test">
      <properties>
        <property name="TEST_ID" value="b3f5b902-1635-41da-aeba-1b469dea97d8"/>
      </properties>
    </testcase>
    <testcase name="TwoVectorsWithDifferentSizeAndSameCapacityAreNotEqual" file="/home/support/paraiceoryx/iceoryx/iceoryx_hoofs/test/moduletests/test_container_vector.cpp" line="1151" status="run" result="completed" time="0." timestamp="2024-10-07T14:53:24.136" classname="vector_test">
      <properties>
        <property name="TEST_ID" value="561722c3-14c3-43a4-aebc-c92bc6be5c08"/>
      </properties>
    </testcase>
    <testcase name="TwoNonEqualVectorsWithDifferentCapacityAreNotEqual" file="/home/support/paraiceoryx/iceoryx/iceoryx_hoofs/test/moduletests/test_container_vector.cpp" line="1165" status="run" result="completed" time="0." timestamp="2024-10-07T14:53:24.136" classname="vector_test">
      <properties>
        <property name="TEST_ID" value="2a8a2ed9-ec6c-4790-aac5-c9e397a78532"/>
      </properties>
    </testcase>
    <testcase name="SubsetVectorWithSameCapacityIsNotEqual" file="/home/support/paraiceoryx/iceoryx/iceoryx_hoofs/test/moduletests/test_container_vector.cpp" line="1182" status="run" result="completed" time="0." timestamp="2024-10-07T14:53:24.136" classname="vector_test">
      <properties>
        <property name="TEST_ID" value="dd1ebe03-e503-4e18-949a-d620ce8008ae"/>
      </properties>
    </testcase>
    <testcase name="SubsetVectorWithDifferentCapacityIsNotEqual" file="/home/support/paraiceoryx/iceoryx/iceoryx_hoofs/test/moduletests/test_container_vector.cpp" line="1198" status="run" result="completed" time="0." timestamp="2024-10-07T14:53:24.136" classname="vector_test">
      <properties>
        <property name="TEST_ID" value="f176f89e-7505-4d67-ba83-9834d2737c8f"/>
      </properties>
    </testcase>
    <testcase name="PartiallyEqualVectorsWithSameCapacityAreNotEqual" file="/home/support/paraiceoryx/iceoryx/iceoryx_hoofs/test/moduletests/test_container_vector.cpp" line="1214" status="run" result="completed" time="0." timestamp="2024-10-07T14:53:24.136" classname="vector_test">
      <properties>
        <property name="TEST_ID" value="5087abfd-a3d6-4312-b4f6-ba7a0db0a4a8"/>
      </properties>
    </testcase>
    <testcase name="PartiallyEqualVectorsWithDifferentCapacityAreNotEqual" file="/home/support/paraiceoryx/iceoryx/iceoryx_hoofs/test/moduletests/test_container_vector.cpp" line="1231" status="run" result="completed" time="0." timestamp="2024-10-07T14:53:24.137" classname="vector_test">
      <properties>
        <property name="TEST_ID" value="4291adad-b67d-4382-8b17-ba3f6ffed480"/>
      </properties>
    </testcase>
    <testcase name="FullVectorDestroysElementsInReverseOrder" file="/home/support/paraiceoryx/iceoryx/iceoryx_hoofs/test/moduletests/test_container_vector.cpp" line="1248" status="run" result="completed" time="0." timestamp="2024-10-07T14:53:24.137" classname="vector_test">
      <properties>
        <property name="TEST_ID" value="16b26245-05d0-458f-82d2-6946d2f8ba07"/>
      </properties>
    </testcase>
    <testcase name="PartiallyFullVectorDestroysElementsInReverseOrder" file="/home/support/paraiceoryx/iceoryx/iceoryx_hoofs/test/moduletests/test_container_vector.cpp" line="1271" status="run" result="completed" time="0." timestamp="2024-10-07T14:53:24.137" classname="vector_test">
      <properties>
        <property name="TEST_ID" value="bd1f5c02-0636-4fdc-a369-f61439cd2e3e"/>
      </properties>
    </testcase>
    <testcase name="PopBackReturnsFalseOnEmptyVector" file="/home/support/paraiceoryx/iceoryx/iceoryx_hoofs/test/moduletests/test_container_vector.cpp" line="1295" status="run" result="completed" time="0." timestamp="2024-10-07T14:53:24.137" classname="vector_test">
      <properties>
        <property name="TEST_ID" value="d11cf587-39cb-4024-be26-d76ada767686"/>
      </properties>
    </testcase>
    <testcase name="PopBackReturnsTrueOnNonEmptyVector" file="/home/support/paraiceoryx/iceoryx/iceoryx_hoofs/test/moduletests/test_container_vector.cpp" line="1301" status="run" result="completed" time="0." timestamp="2024-10-07T14:53:24.137" classname="vector_test">
      <properties>
        <property name="TEST_ID" value="7c09370e-f656-4d30-a7c3-f79a935c7aef"/>
      </properties>
    </testcase>
    <testcase name="PopBackReturnsTrueTillItsEmpty" file="/home/support/paraiceoryx/iceoryx/iceoryx_hoofs/test/moduletests/test_container_vector.cpp" line="1308" status="run" result="completed" time="0." timestamp="2024-10-07T14:53:24.137" classname="vector_test">
      <properties>
        <property name="TEST_ID" value="5c0f98b3-3ca1-43dd-9855-2e9e867ee5c4"/>
      </properties>
    </testcase>
    <testcase name="ResizeFailsWhenCountIsGreaterThanCapacity" file="/home/support/paraiceoryx/iceoryx/iceoryx_hoofs/test/moduletests/test_container_vector.cpp" line="1325" status="run" result="completed" time="0." timestamp="2024-10-07T14:53:24.137" classname="vector_test">
      <properties>
        <property name="TEST_ID" value="52b98fee-ca67-465c-853f-8df88d4a572d"/>
      </properties>
    </testcase>
    <testcase name="ResizeWithTemplateValueFailsWhenCountIsGreaterThanCapacity" file="/home/support/paraiceoryx/iceoryx/iceoryx_hoofs/test/moduletests/test_container_vector.cpp" line="1331" status="run" result="completed" time="0." timestamp="2024-10-07T14:53:24.137" classname="vector_test">
      <properties>
        <property name="TEST_ID" value="525c2de0-a6ed-4c8d-8c5e-ab974bada3e4"/>
      </properties>
    </testcase>
    <testcase name="SizeIncreaseWithResizeAndDefaultCTorWorks" file="/home/support/paraiceoryx/iceoryx/iceoryx_hoofs/test/moduletests/test_container_vector.cpp" line="1337" status="run" result="completed" time="0." timestamp="2024-10-07T14:53:24.137" classname="vector_test">
      <properties>
        <property name="TEST_ID" value="c7e665f9-c051-437b-af91-944d40719da4"/>
      </properties>
    </testcase>
    <testcase name="SizeIncreaseWithResizeAndTemplateValueWorks" file="/home/support/paraiceoryx/iceoryx/iceoryx_hoofs/test/moduletests/test_container_vector.cpp" line="1356" status="run" result="completed" time="0." timestamp="2024-10-07T14:53:24.137" classname="vector_test">
      <properties>
        <property name="TEST_ID" value="5dc23a28-177c-4e0b-a454-e2b09acba11f"/>
      </properties>
    </testcase>
    <testcase name="SizeDecreaseWithResizeAndDefaultCTorWorks" file="/home/support/paraiceoryx/iceoryx/iceoryx_hoofs/test/moduletests/test_container_vector.cpp" line="1367" status="run" result="completed" time="0." timestamp="2024-10-07T14:53:24.137" classname="vector_test">
      <properties>
        <property name="TEST_ID" value="bfd86fcc-c828-4b1b-ab9a-cff7e0f22164"/>
      </properties>
    </testcase>
    <testcase name="SizeDecreaseWithResizeAndTemplateValueWorks" file="/home/support/paraiceoryx/iceoryx/iceoryx_hoofs/test/moduletests/test_container_vector.cpp" line="1385" status="run" result="completed" time="0." timestamp="2024-10-07T14:53:24.137" classname="vector_test">
      <properties>
        <property name="TEST_ID" value="6b2d81ce-1d46-47a6-bbb2-16f1c0ce46f3"/>
      </properties>
    </testcase>
    <testcase name="ResizeWithDefaultCTorChangesNothingIfSizeAlreadyFits" file="/home/support/paraiceoryx/iceoryx/iceoryx_hoofs/test/moduletests/test_container_vector.cpp" line="1403" status="run" result="completed" time="0." timestamp="2024-10-07T14:53:24.137" classname="vector_test">
      <properties>
        <property name="TEST_ID" value="7d4bf455-a7b4-4bb5-87f1-53d9552b91d5"/>
      </properties>
    </testcase>
    <testcase name="ResizeWithTemplateValueChangesNothingIfSizeAlreadyFits" file="/home/support/paraiceoryx/iceoryx/iceoryx_hoofs/test/moduletests/test_container_vector.cpp" line="1415" status="run" result="completed" time="0." timestamp="2024-10-07T14:53:24.137" classname="vector_test">
      <properties>
        <property name="TEST_ID" value="6ccd9ac4-788c-428b-9d11-37885284088f"/>
      </properties>
    </testcase>
    <testcase name="EmplaceInEmptyVectorWorks" file="/home/support/paraiceoryx/iceoryx/iceoryx_hoofs/test/moduletests/test_container_vector.cpp" line="1427" status="run" result="completed" time="0." timestamp="2024-10-07T14:53:24.137" classname="vector_test">
      <properties>
        <property name="TEST_ID" value="e6b1b8d4-77b6-4a19-8d7e-7f483e2e461d"/>
      </properties>
    </testcase>
    <testcase name="EmplaceAtFrontTillFullWorks" file="/home/support/paraiceoryx/iceoryx/iceoryx_hoofs/test/moduletests/test_container_vector.cpp" line="1435" status="run" result="completed" time="0." timestamp="2024-10-07T14:53:24.137" classname="vector_test">
      <properties>
        <property name="TEST_ID" value="c7074b38-8493-4b53-acc2-9a20d0f735ce"/>
      </properties>
    </testcase>
    <testcase name="EmplaceInTheMiddleMovesElementsToTheRight" file="/home/support/paraiceoryx/iceoryx/iceoryx_hoofs/test/moduletests/test_container_vector.cpp" line="1450" status="run" result="completed" time="0." timestamp="2024-10-07T14:53:24.137" classname="vector_test">
      <properties>
        <property name="TEST_ID" value="ab181814-6743-43a2-8420-c725b3afd800"/>
      </properties>
    </testcase>
    <testcase name="EmplaceWhenFullReturnsFalse" file="/home/support/paraiceoryx/iceoryx/iceoryx_hoofs/test/moduletests/test_container_vector.cpp" line="1467" status="run" result="completed" time="0." timestamp="2024-10-07T14:53:24.137" classname="vector_test">
      <properties>
        <property name="TEST_ID" value="93e5d45c-9450-4ceb-8d1c-78aae413eca8"/>
      </properties>
    </testcase>
    <testcase name="EmplaceWhenPositionExceedsCapacityReturnsFalse" file="/home/support/paraiceoryx/iceoryx/iceoryx_hoofs/test/moduletests/test_container_vector.cpp" line="1480" status="run" result="completed" time="0." timestamp="2024-10-07T14:53:24.137" classname="vector_test">
      <properties>
        <property name="TEST_ID" value="519d97fb-aec0-4824-9cd7-dd3446b7b71c"/>
      </properties>
    </testcase>
    <testcase name="EmplaceAtEndWorks" file="/home/support/paraiceoryx/iceoryx/iceoryx_hoofs/test/moduletests/test_container_vector.cpp" line="1487" status="run" result="completed" time="0." timestamp="2024-10-07T14:53:24.137" classname="vector_test">
      <properties>
        <property name="TEST_ID" value="57551774-750f-4dd4-81c0-fa6ef9046689"/>
      </properties>
    </testcase>
    <testcase name="EmplaceAtPositionAfterEndBeforeCapacityExceedsFails" file="/home/support/paraiceoryx/iceoryx/iceoryx_hoofs/test/moduletests/test_container_vector.cpp" line="1500" status="run" result="completed" time="0." timestamp="2024-10-07T14:53:24.137" classname="vector_test">
      <properties>
        <property name="TEST_ID" value="b5112070-9446-44bf-8fdf-1853cfb247fc"/>
      </properties>
    </testcase>
  </testsuite>
</testsuites>
